<?xml version="1.0"?>
<!DOCTYPE workflow
[
	<!--
	PROGRAM
		Main workflow manager for Global Forecast System

	NOTES:
		This workflow was automatically generated at 2023-06-13 23:31:49.582810
	-->
	<!ENTITY PSLOT "v17_p8_mynn_12x12_1wg_14wt">
	<!ENTITY HOMEgfs "/scratch1/BMC/gsd-fv3-dev/Judy.K.Henderson/test/dev_19may23_0fae23fa">
	<!ENTITY EXPDIR "&HOMEgfs;/FV3GFSwfm/&PSLOT;">
	<!ENTITY ROTDIR "&HOMEgfs;/FV3GFSrun/&PSLOT;">
	<!ENTITY JOBS_DIR "&HOMEgfs;/jobs/rocoto">
	<!ENTITY ICSDIR "/scratch1/BMC/gsd-fv3/rtruns/FV3ICS_L127/">
	<!ENTITY CASE     "C768">
	<!ENTITY COMPONENT "atmos">
	<!ENTITY MAXTRIES "2">
]>

<workflow realtime="F" scheduler="slurm" cyclethrottle="3" taskthrottle="25">

	<log verbosity="10"><cyclestr>&EXPDIR;/logs/@Y@m@d@H.log</cyclestr></log>

	<!-- Define the cycles -->
	<cycledef group="gfs">202211090000 202211090000 24:00:00</cycledef>

<task name="gfsgetic" cycledefs="gfs" maxtries="&MAXTRIES;">

	<command>&JOBS_DIR;/makeinit_link.sh</command>

	<jobname><cyclestr>&PSLOT;_gfsinit_@H</cyclestr></jobname>
	<account>gsd-fv3</account>
	<queue>batch</queue>
	<partition>hera</partition>
	<walltime>00:02:00</walltime>
	<nodes>1:ppn=1:tpp=1</nodes>
	<native>--export=NONE</native>

	<join><cyclestr>&ROTDIR;/logs/@Y@m@d@H/gfsinit.log</cyclestr></join>

	<envar><name>RUN_ENVIR</name><value>emc</value></envar>
	<envar><name>HOMEgfs</name><value>&HOMEgfs;</value></envar>
	<envar><name>EXPDIR</name><value>&EXPDIR;</value></envar>
	<envar><name>ROTDIR</name><value>&ROTDIR;</value></envar>
	<envar><name>ICSDIR</name><value>&ICSDIR;</value></envar>
	<envar><name>CASE</name><value>&CASE;</value></envar>
	<envar><name>COMPONENT</name><value>&COMPONENT;</value></envar>
	<envar><name>NET</name><value>gfs</value></envar>
	<envar><name>CDUMP</name><value>gfs</value></envar>
	<envar><name>RUN</name><value>gfs</value></envar>
	<envar><name>CDATE</name><value><cyclestr>@Y@m@d@H</cyclestr></value></envar>
	<envar><name>PDY</name><value><cyclestr>@Y@m@d</cyclestr></value></envar>
	<envar><name>cyc</name><value><cyclestr>@H</cyclestr></value></envar>
	<envar><name>COMROOT</name><value>/scratch1/NCEPDEV/global/glopara/com</value></envar>
	<envar><name>DATAROOT</name><value>/scratch1/BMC/gsd-fv3-dev/Judy.K.Henderson/test/dev_19may23_0fae23fa/FV3GFSrun//RUNDIRS/&PSLOT;</value></envar>

	<dependency>
		<and>
			<not>
				<datadep><cyclestr>&ROTDIR;/gfs.@Y@m@d/@H/model_data/atmos/input</cyclestr></datadep>
			</not>
			<and>
				<datadep><cyclestr>&ICSDIR;/@Y@m@d@H/gfs/&CASE;/INPUT/gfs_data.tile6.nc</cyclestr></datadep>
				<datadep><cyclestr>&ICSDIR;/@Y@m@d@H/gfs/&CASE;/INPUT/sfc_data.tile6.nc</cyclestr></datadep>
			</and>
		</and>
	</dependency>

</task>

<task name="gfsfcst" cycledefs="gfs" maxtries="&MAXTRIES;">

	<command>&JOBS_DIR;/fcst.sh</command>

	<jobname><cyclestr>&PSLOT;_gfsfcst_@H</cyclestr></jobname>
	<account>gsd-fv3</account>
	<queue>batch</queue>
	<partition>hera</partition>
	<walltime>04:00:00</walltime>
	<nodes>95:ppn=40:tpp=1</nodes>
	<native>--export=NONE</native>

	<join><cyclestr>&ROTDIR;/logs/@Y@m@d@H/gfsfcst.log</cyclestr></join>

	<envar><name>RUN_ENVIR</name><value>emc</value></envar>
	<envar><name>HOMEgfs</name><value>&HOMEgfs;</value></envar>
	<envar><name>EXPDIR</name><value>&EXPDIR;</value></envar>
	<envar><name>ROTDIR</name><value>&ROTDIR;</value></envar>
	<envar><name>NET</name><value>gfs</value></envar>
	<envar><name>CDUMP</name><value>gfs</value></envar>
	<envar><name>RUN</name><value>gfs</value></envar>
	<envar><name>CDATE</name><value><cyclestr>@Y@m@d@H</cyclestr></value></envar>
	<envar><name>PDY</name><value><cyclestr>@Y@m@d</cyclestr></value></envar>
	<envar><name>cyc</name><value><cyclestr>@H</cyclestr></value></envar>
	<envar><name>COMROOT</name><value>/scratch1/NCEPDEV/global/glopara/com</value></envar>
	<envar><name>DATAROOT</name><value>/scratch1/BMC/gsd-fv3-dev/Judy.K.Henderson/test/dev_19may23_0fae23fa/FV3GFSrun//RUNDIRS/&PSLOT;</value></envar>

	<dependency>
		<and>
			<or>
				<datadep><cyclestr>&ROTDIR;/gfs.@Y@m@d/@H//model_data/atmos/input/sfc_data.tile6.nc</cyclestr></datadep>
				<datadep><cyclestr>&ROTDIR;/gfs.@Y@m@d/@H//model_data/atmos/restart/@Y@m@d.@H0000.sfcanl_data.tile6.nc</cyclestr></datadep>
			</or>
		</and>
	</dependency>

</task>

<metatask name="gfspost">

	<var name="grp">_f000-f000 _f006-f006 _f012-f012 _f018-f018 _f024-f024 </var>
	<var name="dep">f000 f006 f012 f018 f024 </var>
	<var name="lst">f000 f006 f012 f018 f024 </var>

	<task name="gfspost#grp#" cycledefs="gfs" maxtries="&MAXTRIES;">

		<command>&JOBS_DIR;/post.sh</command>

		<jobname><cyclestr>&PSLOT;_gfspost#grp#_@H</cyclestr></jobname>
		<account>gsd-fv3</account>
		<queue>batch</queue>
		<partition>hera</partition>
		<walltime>00:20:00</walltime>
		<nodes>1:ppn=40:tpp=1</nodes>
		<native>--export=NONE</native>

		<join><cyclestr>&ROTDIR;/logs/@Y@m@d@H/gfspost#grp#.log</cyclestr></join>

		<envar><name>RUN_ENVIR</name><value>emc</value></envar>
		<envar><name>HOMEgfs</name><value>&HOMEgfs;</value></envar>
		<envar><name>EXPDIR</name><value>&EXPDIR;</value></envar>
		<envar><name>ROTDIR</name><value>&ROTDIR;</value></envar>
		<envar><name>NET</name><value>gfs</value></envar>
		<envar><name>CDUMP</name><value>gfs</value></envar>
		<envar><name>RUN</name><value>gfs</value></envar>
		<envar><name>CDATE</name><value><cyclestr>@Y@m@d@H</cyclestr></value></envar>
		<envar><name>PDY</name><value><cyclestr>@Y@m@d</cyclestr></value></envar>
		<envar><name>cyc</name><value><cyclestr>@H</cyclestr></value></envar>
		<envar><name>COMROOT</name><value>/scratch1/NCEPDEV/global/glopara/com</value></envar>
		<envar><name>DATAROOT</name><value>/scratch1/BMC/gsd-fv3-dev/Judy.K.Henderson/test/dev_19may23_0fae23fa/FV3GFSrun//RUNDIRS/&PSLOT;</value></envar>
		<envar><name>FHRGRP</name><value>#grp#</value></envar>
		<envar><name>FHRLST</name><value>#lst#</value></envar>

		<dependency>
			<or>
				<datadep><cyclestr>&ROTDIR;/gfs.@Y@m@d/@H//model_data/atmos/history/gfs.t@Hz.atm.log#dep#.txt</cyclestr></datadep>
				<taskdep task="gfsfcst"/>
			</or>
		</dependency>

	</task>

</metatask>

</workflow>
